<?xml version="1.0" encoding="UTF-8"?>
<!-- Generated by org.testng.reporters.JUnitReportReporter -->
<testsuite hostname="W00000PC1FM454" name="ParallelTest" tests="6" failures="0" timestamp="16 Aug 2020 12:07:13 GMT" time="51.694" errors="0">
  <testcase name="freshWorksTitleTest" time="14.583" classname="ParallelTest"/>
  <testcase name="getFooterLinksTest" time="6.100" classname="ParallelTest"/>
  <testcase name="freshWorkslogoTest" time="3.712" classname="ParallelTest"/>
  <testcase name="freshWorkslogoTest" time="9.830" classname="ParallelTest"/>
  <testcase name="freshWorksTitleTest" time="2.896" classname="ParallelTest"/>
  <testcase name="getFooterLinksTest" time="14.573" classname="ParallelTest"/>
</testsuite> <!-- ParallelTest -->
